<?xml version="1.0" encoding="UTF-8"?>
<testsuite xmlns:xsi="http://www.w3.org/2001/XMLSchema-instance" xsi:noNamespaceSchemaLocation="https://maven.apache.org/surefire/maven-surefire-plugin/xsd/surefire-test-report.xsd" name="com.wyu.TestInstitutionBeApplicationTests" time="16.018" tests="1" errors="0" skipped="0" failures="0">
  <properties>
    <property name="sun.desktop" value="windows"/>
    <property name="awt.toolkit" value="sun.awt.windows.WToolkit"/>
    <property name="java.specification.version" value="10"/>
    <property name="file.encoding.pkg" value="sun.io"/>
    <property name="sun.cpu.isalist" value="amd64"/>
    <property name="sun.jnu.encoding" value="GBK"/>
    <property name="java.class.path" value="D:\wyu\target\test-classes;D:\wyu\target\classes;C:\Users\14053\.m2\repository\org\springframework\boot\spring-boot-starter-web\2.4.0\spring-boot-starter-web-2.4.0.jar;C:\Users\14053\.m2\repository\org\springframework\boot\spring-boot-starter\2.4.0\spring-boot-starter-2.4.0.jar;C:\Users\14053\.m2\repository\org\springframework\boot\spring-boot-starter-logging\2.4.0\spring-boot-starter-logging-2.4.0.jar;C:\Users\14053\.m2\repository\ch\qos\logback\logback-classic\1.2.3\logback-classic-1.2.3.jar;C:\Users\14053\.m2\repository\ch\qos\logback\logback-core\1.2.3\logback-core-1.2.3.jar;C:\Users\14053\.m2\repository\org\apache\logging\log4j\log4j-to-slf4j\2.13.3\log4j-to-slf4j-2.13.3.jar;C:\Users\14053\.m2\repository\org\slf4j\jul-to-slf4j\1.7.30\jul-to-slf4j-1.7.30.jar;C:\Users\14053\.m2\repository\jakarta\annotation\jakarta.annotation-api\1.3.5\jakarta.annotation-api-1.3.5.jar;C:\Users\14053\.m2\repository\org\yaml\snakeyaml\1.27\snakeyaml-1.27.jar;C:\Users\14053\.m2\repository\org\springframework\boot\spring-boot-starter-json\2.4.0\spring-boot-starter-json-2.4.0.jar;C:\Users\14053\.m2\repository\com\fasterxml\jackson\core\jackson-databind\2.11.3\jackson-databind-2.11.3.jar;C:\Users\14053\.m2\repository\com\fasterxml\jackson\datatype\jackson-datatype-jdk8\2.11.3\jackson-datatype-jdk8-2.11.3.jar;C:\Users\14053\.m2\repository\com\fasterxml\jackson\datatype\jackson-datatype-jsr310\2.11.3\jackson-datatype-jsr310-2.11.3.jar;C:\Users\14053\.m2\repository\com\fasterxml\jackson\module\jackson-module-parameter-names\2.11.3\jackson-module-parameter-names-2.11.3.jar;C:\Users\14053\.m2\repository\org\springframework\boot\spring-boot-starter-tomcat\2.4.0\spring-boot-starter-tomcat-2.4.0.jar;C:\Users\14053\.m2\repository\org\apache\tomcat\embed\tomcat-embed-core\9.0.39\tomcat-embed-core-9.0.39.jar;C:\Users\14053\.m2\repository\org\glassfish\jakarta.el\3.0.3\jakarta.el-3.0.3.jar;C:\Users\14053\.m2\repository\org\apache\tomcat\embed\tomcat-embed-websocket\9.0.39\tomcat-embed-websocket-9.0.39.jar;C:\Users\14053\.m2\repository\org\springframework\spring-web\5.3.1\spring-web-5.3.1.jar;C:\Users\14053\.m2\repository\org\springframework\spring-beans\5.3.1\spring-beans-5.3.1.jar;C:\Users\14053\.m2\repository\org\springframework\spring-webmvc\5.3.1\spring-webmvc-5.3.1.jar;C:\Users\14053\.m2\repository\org\springframework\spring-aop\5.3.1\spring-aop-5.3.1.jar;C:\Users\14053\.m2\repository\org\springframework\spring-context\5.3.1\spring-context-5.3.1.jar;C:\Users\14053\.m2\repository\org\springframework\spring-expression\5.3.1\spring-expression-5.3.1.jar;C:\Users\14053\.m2\repository\org\springframework\boot\spring-boot-starter-mail\2.4.0\spring-boot-starter-mail-2.4.0.jar;C:\Users\14053\.m2\repository\org\springframework\spring-context-support\5.3.1\spring-context-support-5.3.1.jar;C:\Users\14053\.m2\repository\com\sun\mail\jakarta.mail\1.6.5\jakarta.mail-1.6.5.jar;C:\Users\14053\.m2\repository\com\sun\activation\jakarta.activation\1.2.2\jakarta.activation-1.2.2.jar;C:\Users\14053\.m2\repository\org\elasticsearch\client\elasticsearch-rest-high-level-client\7.8.1\elasticsearch-rest-high-level-client-7.8.1.jar;C:\Users\14053\.m2\repository\org\elasticsearch\client\elasticsearch-rest-client\7.9.3\elasticsearch-rest-client-7.9.3.jar;C:\Users\14053\.m2\repository\org\apache\httpcomponents\httpclient\4.5.13\httpclient-4.5.13.jar;C:\Users\14053\.m2\repository\org\apache\httpcomponents\httpcore\4.4.13\httpcore-4.4.13.jar;C:\Users\14053\.m2\repository\org\apache\httpcomponents\httpasyncclient\4.1.4\httpasyncclient-4.1.4.jar;C:\Users\14053\.m2\repository\org\apache\httpcomponents\httpcore-nio\4.4.13\httpcore-nio-4.4.13.jar;C:\Users\14053\.m2\repository\commons-codec\commons-codec\1.15\commons-codec-1.15.jar;C:\Users\14053\.m2\repository\org\elasticsearch\plugin\mapper-extras-client\7.8.1\mapper-extras-client-7.8.1.jar;C:\Users\14053\.m2\repository\org\elasticsearch\plugin\parent-join-client\7.8.1\parent-join-client-7.8.1.jar;C:\Users\14053\.m2\repository\org\elasticsearch\plugin\aggs-matrix-stats-client\7.8.1\aggs-matrix-stats-client-7.8.1.jar;C:\Users\14053\.m2\repository\org\elasticsearch\plugin\rank-eval-client\7.8.1\rank-eval-client-7.8.1.jar;C:\Users\14053\.m2\repository\org\elasticsearch\plugin\lang-mustache-client\7.8.1\lang-mustache-client-7.8.1.jar;C:\Users\14053\.m2\repository\com\github\spullara\mustache\java\compiler\0.9.6\compiler-0.9.6.jar;C:\Users\14053\.m2\repository\org\elasticsearch\elasticsearch\7.8.1\elasticsearch-7.8.1.jar;C:\Users\14053\.m2\repository\org\elasticsearch\elasticsearch-core\7.8.1\elasticsearch-core-7.8.1.jar;C:\Users\14053\.m2\repository\org\elasticsearch\elasticsearch-secure-sm\7.8.1\elasticsearch-secure-sm-7.8.1.jar;C:\Users\14053\.m2\repository\org\elasticsearch\elasticsearch-x-content\7.8.1\elasticsearch-x-content-7.8.1.jar;C:\Users\14053\.m2\repository\com\fasterxml\jackson\core\jackson-core\2.11.3\jackson-core-2.11.3.jar;C:\Users\14053\.m2\repository\com\fasterxml\jackson\dataformat\jackson-dataformat-smile\2.11.3\jackson-dataformat-smile-2.11.3.jar;C:\Users\14053\.m2\repository\com\fasterxml\jackson\dataformat\jackson-dataformat-yaml\2.11.3\jackson-dataformat-yaml-2.11.3.jar;C:\Users\14053\.m2\repository\com\fasterxml\jackson\dataformat\jackson-dataformat-cbor\2.11.3\jackson-dataformat-cbor-2.11.3.jar;C:\Users\14053\.m2\repository\org\elasticsearch\elasticsearch-geo\7.8.1\elasticsearch-geo-7.8.1.jar;C:\Users\14053\.m2\repository\org\apache\lucene\lucene-core\8.5.1\lucene-core-8.5.1.jar;C:\Users\14053\.m2\repository\org\apache\lucene\lucene-analyzers-common\8.5.1\lucene-analyzers-common-8.5.1.jar;C:\Users\14053\.m2\repository\org\apache\lucene\lucene-backward-codecs\8.5.1\lucene-backward-codecs-8.5.1.jar;C:\Users\14053\.m2\repository\org\apache\lucene\lucene-grouping\8.5.1\lucene-grouping-8.5.1.jar;C:\Users\14053\.m2\repository\org\apache\lucene\lucene-highlighter\8.5.1\lucene-highlighter-8.5.1.jar;C:\Users\14053\.m2\repository\org\apache\lucene\lucene-join\8.5.1\lucene-join-8.5.1.jar;C:\Users\14053\.m2\repository\org\apache\lucene\lucene-memory\8.5.1\lucene-memory-8.5.1.jar;C:\Users\14053\.m2\repository\org\apache\lucene\lucene-misc\8.5.1\lucene-misc-8.5.1.jar;C:\Users\14053\.m2\repository\org\apache\lucene\lucene-queries\8.5.1\lucene-queries-8.5.1.jar;C:\Users\14053\.m2\repository\org\apache\lucene\lucene-queryparser\8.5.1\lucene-queryparser-8.5.1.jar;C:\Users\14053\.m2\repository\org\apache\lucene\lucene-sandbox\8.5.1\lucene-sandbox-8.5.1.jar;C:\Users\14053\.m2\repository\org\apache\lucene\lucene-spatial-extras\8.5.1\lucene-spatial-extras-8.5.1.jar;C:\Users\14053\.m2\repository\org\apache\lucene\lucene-spatial3d\8.5.1\lucene-spatial3d-8.5.1.jar;C:\Users\14053\.m2\repository\org\apache\lucene\lucene-suggest\8.5.1\lucene-suggest-8.5.1.jar;C:\Users\14053\.m2\repository\org\elasticsearch\elasticsearch-cli\7.8.1\elasticsearch-cli-7.8.1.jar;C:\Users\14053\.m2\repository\net\sf\jopt-simple\jopt-simple\5.0.2\jopt-simple-5.0.2.jar;C:\Users\14053\.m2\repository\com\carrotsearch\hppc\0.8.1\hppc-0.8.1.jar;C:\Users\14053\.m2\repository\joda-time\joda-time\2.10.4\joda-time-2.10.4.jar;C:\Users\14053\.m2\repository\com\tdunning\t-digest\3.2\t-digest-3.2.jar;C:\Users\14053\.m2\repository\org\hdrhistogram\HdrHistogram\2.1.9\HdrHistogram-2.1.9.jar;C:\Users\14053\.m2\repository\org\apache\logging\log4j\log4j-api\2.13.3\log4j-api-2.13.3.jar;C:\Users\14053\.m2\repository\org\elasticsearch\jna\5.5.0\jna-5.5.0.jar;C:\Users\14053\.m2\repository\com\alibaba\fastjson\1.2.73\fastjson-1.2.73.jar;C:\Users\14053\.m2\repository\org\springframework\boot\spring-boot-starter-data-jpa\2.4.0\spring-boot-starter-data-jpa-2.4.0.jar;C:\Users\14053\.m2\repository\org\springframework\boot\spring-boot-starter-aop\2.4.0\spring-boot-starter-aop-2.4.0.jar;C:\Users\14053\.m2\repository\org\aspectj\aspectjweaver\1.9.6\aspectjweaver-1.9.6.jar;C:\Users\14053\.m2\repository\org\springframework\boot\spring-boot-starter-jdbc\2.4.0\spring-boot-starter-jdbc-2.4.0.jar;C:\Users\14053\.m2\repository\com\zaxxer\HikariCP\3.4.5\HikariCP-3.4.5.jar;C:\Users\14053\.m2\repository\org\springframework\spring-jdbc\5.3.1\spring-jdbc-5.3.1.jar;C:\Users\14053\.m2\repository\jakarta\transaction\jakarta.transaction-api\1.3.3\jakarta.transaction-api-1.3.3.jar;C:\Users\14053\.m2\repository\jakarta\persistence\jakarta.persistence-api\2.2.3\jakarta.persistence-api-2.2.3.jar;C:\Users\14053\.m2\repository\org\hibernate\hibernate-core\5.4.23.Final\hibernate-core-5.4.23.Final.jar;C:\Users\14053\.m2\repository\org\jboss\logging\jboss-logging\3.4.1.Final\jboss-logging-3.4.1.Final.jar;C:\Users\14053\.m2\repository\org\javassist\javassist\3.24.0-GA\javassist-3.24.0-GA.jar;C:\Users\14053\.m2\repository\net\bytebuddy\byte-buddy\1.10.18\byte-buddy-1.10.18.jar;C:\Users\14053\.m2\repository\antlr\antlr\2.7.7\antlr-2.7.7.jar;C:\Users\14053\.m2\repository\org\jboss\jandex\2.1.3.Final\jandex-2.1.3.Final.jar;C:\Users\14053\.m2\repository\org\dom4j\dom4j\2.1.3\dom4j-2.1.3.jar;C:\Users\14053\.m2\repository\org\hibernate\common\hibernate-commons-annotations\5.1.2.Final\hibernate-commons-annotations-5.1.2.Final.jar;C:\Users\14053\.m2\repository\org\glassfish\jaxb\jaxb-runtime\2.3.3\jaxb-runtime-2.3.3.jar;C:\Users\14053\.m2\repository\org\glassfish\jaxb\txw2\2.3.3\txw2-2.3.3.jar;C:\Users\14053\.m2\repository\com\sun\istack\istack-commons-runtime\3.0.11\istack-commons-runtime-3.0.11.jar;C:\Users\14053\.m2\repository\org\springframework\data\spring-data-jpa\2.4.1\spring-data-jpa-2.4.1.jar;C:\Users\14053\.m2\repository\org\springframework\data\spring-data-commons\2.4.1\spring-data-commons-2.4.1.jar;C:\Users\14053\.m2\repository\org\springframework\spring-orm\5.3.1\spring-orm-5.3.1.jar;C:\Users\14053\.m2\repository\org\springframework\spring-tx\5.3.1\spring-tx-5.3.1.jar;C:\Users\14053\.m2\repository\org\springframework\spring-aspects\5.3.1\spring-aspects-5.3.1.jar;C:\Users\14053\.m2\repository\org\projectlombok\lombok\1.18.16\lombok-1.18.16.jar;C:\Users\14053\.m2\repository\mysql\mysql-connector-java\8.0.22\mysql-connector-java-8.0.22.jar;C:\Users\14053\.m2\repository\com\alibaba\druid\1.2.3\druid-1.2.3.jar;C:\Users\14053\.m2\repository\log4j\log4j\1.2.17\log4j-1.2.17.jar;C:\Users\14053\.m2\repository\org\apache\shiro\shiro-spring\1.7.0\shiro-spring-1.7.0.jar;C:\Users\14053\.m2\repository\org\apache\shiro\shiro-core\1.7.0\shiro-core-1.7.0.jar;C:\Users\14053\.m2\repository\org\apache\shiro\shiro-lang\1.7.0\shiro-lang-1.7.0.jar;C:\Users\14053\.m2\repository\org\apache\shiro\shiro-cache\1.7.0\shiro-cache-1.7.0.jar;C:\Users\14053\.m2\repository\org\apache\shiro\shiro-crypto-hash\1.7.0\shiro-crypto-hash-1.7.0.jar;C:\Users\14053\.m2\repository\org\apache\shiro\shiro-crypto-core\1.7.0\shiro-crypto-core-1.7.0.jar;C:\Users\14053\.m2\repository\org\apache\shiro\shiro-crypto-cipher\1.7.0\shiro-crypto-cipher-1.7.0.jar;C:\Users\14053\.m2\repository\org\apache\shiro\shiro-config-core\1.7.0\shiro-config-core-1.7.0.jar;C:\Users\14053\.m2\repository\org\apache\shiro\shiro-config-ogdl\1.7.0\shiro-config-ogdl-1.7.0.jar;C:\Users\14053\.m2\repository\commons-beanutils\commons-beanutils\1.9.4\commons-beanutils-1.9.4.jar;C:\Users\14053\.m2\repository\commons-collections\commons-collections\3.2.2\commons-collections-3.2.2.jar;C:\Users\14053\.m2\repository\org\apache\shiro\shiro-event\1.7.0\shiro-event-1.7.0.jar;C:\Users\14053\.m2\repository\org\apache\shiro\shiro-web\1.7.0\shiro-web-1.7.0.jar;C:\Users\14053\.m2\repository\org\owasp\encoder\encoder\1.2.2\encoder-1.2.2.jar;C:\Users\14053\.m2\repository\io\springfox\springfox-swagger2\2.9.2\springfox-swagger2-2.9.2.jar;C:\Users\14053\.m2\repository\io\swagger\swagger-annotations\1.5.20\swagger-annotations-1.5.20.jar;C:\Users\14053\.m2\repository\io\swagger\swagger-models\1.5.20\swagger-models-1.5.20.jar;C:\Users\14053\.m2\repository\com\fasterxml\jackson\core\jackson-annotations\2.11.3\jackson-annotations-2.11.3.jar;C:\Users\14053\.m2\repository\io\springfox\springfox-spi\2.9.2\springfox-spi-2.9.2.jar;C:\Users\14053\.m2\repository\io\springfox\springfox-core\2.9.2\springfox-core-2.9.2.jar;C:\Users\14053\.m2\repository\io\springfox\springfox-schema\2.9.2\springfox-schema-2.9.2.jar;C:\Users\14053\.m2\repository\io\springfox\springfox-swagger-common\2.9.2\springfox-swagger-common-2.9.2.jar;C:\Users\14053\.m2\repository\io\springfox\springfox-spring-web\2.9.2\springfox-spring-web-2.9.2.jar;C:\Users\14053\.m2\repository\com\google\guava\guava\20.0\guava-20.0.jar;C:\Users\14053\.m2\repository\com\fasterxml\classmate\1.5.1\classmate-1.5.1.jar;C:\Users\14053\.m2\repository\org\slf4j\slf4j-api\1.7.30\slf4j-api-1.7.30.jar;C:\Users\14053\.m2\repository\org\springframework\plugin\spring-plugin-core\1.2.0.RELEASE\spring-plugin-core-1.2.0.RELEASE.jar;C:\Users\14053\.m2\repository\org\springframework\plugin\spring-plugin-metadata\1.2.0.RELEASE\spring-plugin-metadata-1.2.0.RELEASE.jar;C:\Users\14053\.m2\repository\org\mapstruct\mapstruct\1.2.0.Final\mapstruct-1.2.0.Final.jar;C:\Users\14053\.m2\repository\io\springfox\springfox-swagger-ui\2.9.2\springfox-swagger-ui-2.9.2.jar;C:\Users\14053\.m2\repository\org\springframework\boot\spring-boot-starter-data-redis\2.4.0\spring-boot-starter-data-redis-2.4.0.jar;C:\Users\14053\.m2\repository\org\springframework\data\spring-data-redis\2.4.1\spring-data-redis-2.4.1.jar;C:\Users\14053\.m2\repository\org\springframework\data\spring-data-keyvalue\2.4.1\spring-data-keyvalue-2.4.1.jar;C:\Users\14053\.m2\repository\org\springframework\spring-oxm\5.3.1\spring-oxm-5.3.1.jar;C:\Users\14053\.m2\repository\io\lettuce\lettuce-core\6.0.1.RELEASE\lettuce-core-6.0.1.RELEASE.jar;C:\Users\14053\.m2\repository\io\netty\netty-common\4.1.54.Final\netty-common-4.1.54.Final.jar;C:\Users\14053\.m2\repository\io\netty\netty-handler\4.1.54.Final\netty-handler-4.1.54.Final.jar;C:\Users\14053\.m2\repository\io\netty\netty-resolver\4.1.54.Final\netty-resolver-4.1.54.Final.jar;C:\Users\14053\.m2\repository\io\netty\netty-buffer\4.1.54.Final\netty-buffer-4.1.54.Final.jar;C:\Users\14053\.m2\repository\io\netty\netty-codec\4.1.54.Final\netty-codec-4.1.54.Final.jar;C:\Users\14053\.m2\repository\io\netty\netty-transport\4.1.54.Final\netty-transport-4.1.54.Final.jar;C:\Users\14053\.m2\repository\io\projectreactor\reactor-core\3.4.0\reactor-core-3.4.0.jar;C:\Users\14053\.m2\repository\org\reactivestreams\reactive-streams\1.0.3\reactive-streams-1.0.3.jar;C:\Users\14053\.m2\repository\org\springframework\boot\spring-boot-devtools\2.4.0\spring-boot-devtools-2.4.0.jar;C:\Users\14053\.m2\repository\org\springframework\boot\spring-boot\2.4.0\spring-boot-2.4.0.jar;C:\Users\14053\.m2\repository\org\springframework\boot\spring-boot-autoconfigure\2.4.0\spring-boot-autoconfigure-2.4.0.jar;C:\Users\14053\.m2\repository\org\springframework\boot\spring-boot-starter-test\2.4.0\spring-boot-starter-test-2.4.0.jar;C:\Users\14053\.m2\repository\org\springframework\boot\spring-boot-test\2.4.0\spring-boot-test-2.4.0.jar;C:\Users\14053\.m2\repository\org\springframework\boot\spring-boot-test-autoconfigure\2.4.0\spring-boot-test-autoconfigure-2.4.0.jar;C:\Users\14053\.m2\repository\com\jayway\jsonpath\json-path\2.4.0\json-path-2.4.0.jar;C:\Users\14053\.m2\repository\net\minidev\json-smart\2.3\json-smart-2.3.jar;C:\Users\14053\.m2\repository\net\minidev\accessors-smart\1.2\accessors-smart-1.2.jar;C:\Users\14053\.m2\repository\org\ow2\asm\asm\5.0.4\asm-5.0.4.jar;C:\Users\14053\.m2\repository\jakarta\xml\bind\jakarta.xml.bind-api\2.3.3\jakarta.xml.bind-api-2.3.3.jar;C:\Users\14053\.m2\repository\jakarta\activation\jakarta.activation-api\1.2.2\jakarta.activation-api-1.2.2.jar;C:\Users\14053\.m2\repository\org\assertj\assertj-core\3.18.1\assertj-core-3.18.1.jar;C:\Users\14053\.m2\repository\org\hamcrest\hamcrest\2.2\hamcrest-2.2.jar;C:\Users\14053\.m2\repository\org\junit\jupiter\junit-jupiter\5.7.0\junit-jupiter-5.7.0.jar;C:\Users\14053\.m2\repository\org\junit\jupiter\junit-jupiter-api\5.7.0\junit-jupiter-api-5.7.0.jar;C:\Users\14053\.m2\repository\org\apiguardian\apiguardian-api\1.1.0\apiguardian-api-1.1.0.jar;C:\Users\14053\.m2\repository\org\opentest4j\opentest4j\1.2.0\opentest4j-1.2.0.jar;C:\Users\14053\.m2\repository\org\junit\platform\junit-platform-commons\1.7.0\junit-platform-commons-1.7.0.jar;C:\Users\14053\.m2\repository\org\junit\jupiter\junit-jupiter-params\5.7.0\junit-jupiter-params-5.7.0.jar;C:\Users\14053\.m2\repository\org\junit\jupiter\junit-jupiter-engine\5.7.0\junit-jupiter-engine-5.7.0.jar;C:\Users\14053\.m2\repository\org\junit\platform\junit-platform-engine\1.7.0\junit-platform-engine-1.7.0.jar;C:\Users\14053\.m2\repository\org\mockito\mockito-core\3.6.0\mockito-core-3.6.0.jar;C:\Users\14053\.m2\repository\net\bytebuddy\byte-buddy-agent\1.10.18\byte-buddy-agent-1.10.18.jar;C:\Users\14053\.m2\repository\org\objenesis\objenesis\3.1\objenesis-3.1.jar;C:\Users\14053\.m2\repository\org\mockito\mockito-junit-jupiter\3.6.0\mockito-junit-jupiter-3.6.0.jar;C:\Users\14053\.m2\repository\org\skyscreamer\jsonassert\1.5.0\jsonassert-1.5.0.jar;C:\Users\14053\.m2\repository\com\vaadin\external\google\android-json\0.0.20131108.vaadin1\android-json-0.0.20131108.vaadin1.jar;C:\Users\14053\.m2\repository\org\springframework\spring-core\5.3.1\spring-core-5.3.1.jar;C:\Users\14053\.m2\repository\org\springframework\spring-jcl\5.3.1\spring-jcl-5.3.1.jar;C:\Users\14053\.m2\repository\org\springframework\spring-test\5.3.1\spring-test-5.3.1.jar;C:\Users\14053\.m2\repository\org\xmlunit\xmlunit-core\2.7.0\xmlunit-core-2.7.0.jar;"/>
    <property name="java.vm.vendor" value="&quot;Oracle Corporation&quot;"/>
    <property name="sun.arch.data.model" value="64"/>
    <property name="user.variant" value=""/>
    <property name="java.vendor.url" value="http://java.oracle.com/"/>
    <property name="user.timezone" value="Asia/Shanghai"/>
    <property name="java.vm.specification.version" value="10"/>
    <property name="os.name" value="Windows 10"/>
    <property name="sun.java.launcher" value="SUN_STANDARD"/>
    <property name="user.country" value="CN"/>
    <property name="sun.boot.library.path" value="C:\Program Files\Java\jdk-10.0.1\bin"/>
    <property name="sun.java.command" value="C:\Users\14053\AppData\Local\Temp\surefire6369919824620595628\surefirebooter3883271237010614747.jar C:\Users\14053\AppData\Local\Temp\surefire6369919824620595628 2021-02-25T10-32-52_276-jvmRun1 surefire10688938313156540954tmp surefire_0780950231623735500tmp"/>
    <property name="jdk.debug" value="release"/>
    <property name="surefire.test.class.path" value="D:\wyu\target\test-classes;D:\wyu\target\classes;C:\Users\14053\.m2\repository\org\springframework\boot\spring-boot-starter-web\2.4.0\spring-boot-starter-web-2.4.0.jar;C:\Users\14053\.m2\repository\org\springframework\boot\spring-boot-starter\2.4.0\spring-boot-starter-2.4.0.jar;C:\Users\14053\.m2\repository\org\springframework\boot\spring-boot-starter-logging\2.4.0\spring-boot-starter-logging-2.4.0.jar;C:\Users\14053\.m2\repository\ch\qos\logback\logback-classic\1.2.3\logback-classic-1.2.3.jar;C:\Users\14053\.m2\repository\ch\qos\logback\logback-core\1.2.3\logback-core-1.2.3.jar;C:\Users\14053\.m2\repository\org\apache\logging\log4j\log4j-to-slf4j\2.13.3\log4j-to-slf4j-2.13.3.jar;C:\Users\14053\.m2\repository\org\slf4j\jul-to-slf4j\1.7.30\jul-to-slf4j-1.7.30.jar;C:\Users\14053\.m2\repository\jakarta\annotation\jakarta.annotation-api\1.3.5\jakarta.annotation-api-1.3.5.jar;C:\Users\14053\.m2\repository\org\yaml\snakeyaml\1.27\snakeyaml-1.27.jar;C:\Users\14053\.m2\repository\org\springframework\boot\spring-boot-starter-json\2.4.0\spring-boot-starter-json-2.4.0.jar;C:\Users\14053\.m2\repository\com\fasterxml\jackson\core\jackson-databind\2.11.3\jackson-databind-2.11.3.jar;C:\Users\14053\.m2\repository\com\fasterxml\jackson\datatype\jackson-datatype-jdk8\2.11.3\jackson-datatype-jdk8-2.11.3.jar;C:\Users\14053\.m2\repository\com\fasterxml\jackson\datatype\jackson-datatype-jsr310\2.11.3\jackson-datatype-jsr310-2.11.3.jar;C:\Users\14053\.m2\repository\com\fasterxml\jackson\module\jackson-module-parameter-names\2.11.3\jackson-module-parameter-names-2.11.3.jar;C:\Users\14053\.m2\repository\org\springframework\boot\spring-boot-starter-tomcat\2.4.0\spring-boot-starter-tomcat-2.4.0.jar;C:\Users\14053\.m2\repository\org\apache\tomcat\embed\tomcat-embed-core\9.0.39\tomcat-embed-core-9.0.39.jar;C:\Users\14053\.m2\repository\org\glassfish\jakarta.el\3.0.3\jakarta.el-3.0.3.jar;C:\Users\14053\.m2\repository\org\apache\tomcat\embed\tomcat-embed-websocket\9.0.39\tomcat-embed-websocket-9.0.39.jar;C:\Users\14053\.m2\repository\org\springframework\spring-web\5.3.1\spring-web-5.3.1.jar;C:\Users\14053\.m2\repository\org\springframework\spring-beans\5.3.1\spring-beans-5.3.1.jar;C:\Users\14053\.m2\repository\org\springframework\spring-webmvc\5.3.1\spring-webmvc-5.3.1.jar;C:\Users\14053\.m2\repository\org\springframework\spring-aop\5.3.1\spring-aop-5.3.1.jar;C:\Users\14053\.m2\repository\org\springframework\spring-context\5.3.1\spring-context-5.3.1.jar;C:\Users\14053\.m2\repository\org\springframework\spring-expression\5.3.1\spring-expression-5.3.1.jar;C:\Users\14053\.m2\repository\org\springframework\boot\spring-boot-starter-mail\2.4.0\spring-boot-starter-mail-2.4.0.jar;C:\Users\14053\.m2\repository\org\springframework\spring-context-support\5.3.1\spring-context-support-5.3.1.jar;C:\Users\14053\.m2\repository\com\sun\mail\jakarta.mail\1.6.5\jakarta.mail-1.6.5.jar;C:\Users\14053\.m2\repository\com\sun\activation\jakarta.activation\1.2.2\jakarta.activation-1.2.2.jar;C:\Users\14053\.m2\repository\org\elasticsearch\client\elasticsearch-rest-high-level-client\7.8.1\elasticsearch-rest-high-level-client-7.8.1.jar;C:\Users\14053\.m2\repository\org\elasticsearch\client\elasticsearch-rest-client\7.9.3\elasticsearch-rest-client-7.9.3.jar;C:\Users\14053\.m2\repository\org\apache\httpcomponents\httpclient\4.5.13\httpclient-4.5.13.jar;C:\Users\14053\.m2\repository\org\apache\httpcomponents\httpcore\4.4.13\httpcore-4.4.13.jar;C:\Users\14053\.m2\repository\org\apache\httpcomponents\httpasyncclient\4.1.4\httpasyncclient-4.1.4.jar;C:\Users\14053\.m2\repository\org\apache\httpcomponents\httpcore-nio\4.4.13\httpcore-nio-4.4.13.jar;C:\Users\14053\.m2\repository\commons-codec\commons-codec\1.15\commons-codec-1.15.jar;C:\Users\14053\.m2\repository\org\elasticsearch\plugin\mapper-extras-client\7.8.1\mapper-extras-client-7.8.1.jar;C:\Users\14053\.m2\repository\org\elasticsearch\plugin\parent-join-client\7.8.1\parent-join-client-7.8.1.jar;C:\Users\14053\.m2\repository\org\elasticsearch\plugin\aggs-matrix-stats-client\7.8.1\aggs-matrix-stats-client-7.8.1.jar;C:\Users\14053\.m2\repository\org\elasticsearch\plugin\rank-eval-client\7.8.1\rank-eval-client-7.8.1.jar;C:\Users\14053\.m2\repository\org\elasticsearch\plugin\lang-mustache-client\7.8.1\lang-mustache-client-7.8.1.jar;C:\Users\14053\.m2\repository\com\github\spullara\mustache\java\compiler\0.9.6\compiler-0.9.6.jar;C:\Users\14053\.m2\repository\org\elasticsearch\elasticsearch\7.8.1\elasticsearch-7.8.1.jar;C:\Users\14053\.m2\repository\org\elasticsearch\elasticsearch-core\7.8.1\elasticsearch-core-7.8.1.jar;C:\Users\14053\.m2\repository\org\elasticsearch\elasticsearch-secure-sm\7.8.1\elasticsearch-secure-sm-7.8.1.jar;C:\Users\14053\.m2\repository\org\elasticsearch\elasticsearch-x-content\7.8.1\elasticsearch-x-content-7.8.1.jar;C:\Users\14053\.m2\repository\com\fasterxml\jackson\core\jackson-core\2.11.3\jackson-core-2.11.3.jar;C:\Users\14053\.m2\repository\com\fasterxml\jackson\dataformat\jackson-dataformat-smile\2.11.3\jackson-dataformat-smile-2.11.3.jar;C:\Users\14053\.m2\repository\com\fasterxml\jackson\dataformat\jackson-dataformat-yaml\2.11.3\jackson-dataformat-yaml-2.11.3.jar;C:\Users\14053\.m2\repository\com\fasterxml\jackson\dataformat\jackson-dataformat-cbor\2.11.3\jackson-dataformat-cbor-2.11.3.jar;C:\Users\14053\.m2\repository\org\elasticsearch\elasticsearch-geo\7.8.1\elasticsearch-geo-7.8.1.jar;C:\Users\14053\.m2\repository\org\apache\lucene\lucene-core\8.5.1\lucene-core-8.5.1.jar;C:\Users\14053\.m2\repository\org\apache\lucene\lucene-analyzers-common\8.5.1\lucene-analyzers-common-8.5.1.jar;C:\Users\14053\.m2\repository\org\apache\lucene\lucene-backward-codecs\8.5.1\lucene-backward-codecs-8.5.1.jar;C:\Users\14053\.m2\repository\org\apache\lucene\lucene-grouping\8.5.1\lucene-grouping-8.5.1.jar;C:\Users\14053\.m2\repository\org\apache\lucene\lucene-highlighter\8.5.1\lucene-highlighter-8.5.1.jar;C:\Users\14053\.m2\repository\org\apache\lucene\lucene-join\8.5.1\lucene-join-8.5.1.jar;C:\Users\14053\.m2\repository\org\apache\lucene\lucene-memory\8.5.1\lucene-memory-8.5.1.jar;C:\Users\14053\.m2\repository\org\apache\lucene\lucene-misc\8.5.1\lucene-misc-8.5.1.jar;C:\Users\14053\.m2\repository\org\apache\lucene\lucene-queries\8.5.1\lucene-queries-8.5.1.jar;C:\Users\14053\.m2\repository\org\apache\lucene\lucene-queryparser\8.5.1\lucene-queryparser-8.5.1.jar;C:\Users\14053\.m2\repository\org\apache\lucene\lucene-sandbox\8.5.1\lucene-sandbox-8.5.1.jar;C:\Users\14053\.m2\repository\org\apache\lucene\lucene-spatial-extras\8.5.1\lucene-spatial-extras-8.5.1.jar;C:\Users\14053\.m2\repository\org\apache\lucene\lucene-spatial3d\8.5.1\lucene-spatial3d-8.5.1.jar;C:\Users\14053\.m2\repository\org\apache\lucene\lucene-suggest\8.5.1\lucene-suggest-8.5.1.jar;C:\Users\14053\.m2\repository\org\elasticsearch\elasticsearch-cli\7.8.1\elasticsearch-cli-7.8.1.jar;C:\Users\14053\.m2\repository\net\sf\jopt-simple\jopt-simple\5.0.2\jopt-simple-5.0.2.jar;C:\Users\14053\.m2\repository\com\carrotsearch\hppc\0.8.1\hppc-0.8.1.jar;C:\Users\14053\.m2\repository\joda-time\joda-time\2.10.4\joda-time-2.10.4.jar;C:\Users\14053\.m2\repository\com\tdunning\t-digest\3.2\t-digest-3.2.jar;C:\Users\14053\.m2\repository\org\hdrhistogram\HdrHistogram\2.1.9\HdrHistogram-2.1.9.jar;C:\Users\14053\.m2\repository\org\apache\logging\log4j\log4j-api\2.13.3\log4j-api-2.13.3.jar;C:\Users\14053\.m2\repository\org\elasticsearch\jna\5.5.0\jna-5.5.0.jar;C:\Users\14053\.m2\repository\com\alibaba\fastjson\1.2.73\fastjson-1.2.73.jar;C:\Users\14053\.m2\repository\org\springframework\boot\spring-boot-starter-data-jpa\2.4.0\spring-boot-starter-data-jpa-2.4.0.jar;C:\Users\14053\.m2\repository\org\springframework\boot\spring-boot-starter-aop\2.4.0\spring-boot-starter-aop-2.4.0.jar;C:\Users\14053\.m2\repository\org\aspectj\aspectjweaver\1.9.6\aspectjweaver-1.9.6.jar;C:\Users\14053\.m2\repository\org\springframework\boot\spring-boot-starter-jdbc\2.4.0\spring-boot-starter-jdbc-2.4.0.jar;C:\Users\14053\.m2\repository\com\zaxxer\HikariCP\3.4.5\HikariCP-3.4.5.jar;C:\Users\14053\.m2\repository\org\springframework\spring-jdbc\5.3.1\spring-jdbc-5.3.1.jar;C:\Users\14053\.m2\repository\jakarta\transaction\jakarta.transaction-api\1.3.3\jakarta.transaction-api-1.3.3.jar;C:\Users\14053\.m2\repository\jakarta\persistence\jakarta.persistence-api\2.2.3\jakarta.persistence-api-2.2.3.jar;C:\Users\14053\.m2\repository\org\hibernate\hibernate-core\5.4.23.Final\hibernate-core-5.4.23.Final.jar;C:\Users\14053\.m2\repository\org\jboss\logging\jboss-logging\3.4.1.Final\jboss-logging-3.4.1.Final.jar;C:\Users\14053\.m2\repository\org\javassist\javassist\3.24.0-GA\javassist-3.24.0-GA.jar;C:\Users\14053\.m2\repository\net\bytebuddy\byte-buddy\1.10.18\byte-buddy-1.10.18.jar;C:\Users\14053\.m2\repository\antlr\antlr\2.7.7\antlr-2.7.7.jar;C:\Users\14053\.m2\repository\org\jboss\jandex\2.1.3.Final\jandex-2.1.3.Final.jar;C:\Users\14053\.m2\repository\org\dom4j\dom4j\2.1.3\dom4j-2.1.3.jar;C:\Users\14053\.m2\repository\org\hibernate\common\hibernate-commons-annotations\5.1.2.Final\hibernate-commons-annotations-5.1.2.Final.jar;C:\Users\14053\.m2\repository\org\glassfish\jaxb\jaxb-runtime\2.3.3\jaxb-runtime-2.3.3.jar;C:\Users\14053\.m2\repository\org\glassfish\jaxb\txw2\2.3.3\txw2-2.3.3.jar;C:\Users\14053\.m2\repository\com\sun\istack\istack-commons-runtime\3.0.11\istack-commons-runtime-3.0.11.jar;C:\Users\14053\.m2\repository\org\springframework\data\spring-data-jpa\2.4.1\spring-data-jpa-2.4.1.jar;C:\Users\14053\.m2\repository\org\springframework\data\spring-data-commons\2.4.1\spring-data-commons-2.4.1.jar;C:\Users\14053\.m2\repository\org\springframework\spring-orm\5.3.1\spring-orm-5.3.1.jar;C:\Users\14053\.m2\repository\org\springframework\spring-tx\5.3.1\spring-tx-5.3.1.jar;C:\Users\14053\.m2\repository\org\springframework\spring-aspects\5.3.1\spring-aspects-5.3.1.jar;C:\Users\14053\.m2\repository\org\projectlombok\lombok\1.18.16\lombok-1.18.16.jar;C:\Users\14053\.m2\repository\mysql\mysql-connector-java\8.0.22\mysql-connector-java-8.0.22.jar;C:\Users\14053\.m2\repository\com\alibaba\druid\1.2.3\druid-1.2.3.jar;C:\Users\14053\.m2\repository\log4j\log4j\1.2.17\log4j-1.2.17.jar;C:\Users\14053\.m2\repository\org\apache\shiro\shiro-spring\1.7.0\shiro-spring-1.7.0.jar;C:\Users\14053\.m2\repository\org\apache\shiro\shiro-core\1.7.0\shiro-core-1.7.0.jar;C:\Users\14053\.m2\repository\org\apache\shiro\shiro-lang\1.7.0\shiro-lang-1.7.0.jar;C:\Users\14053\.m2\repository\org\apache\shiro\shiro-cache\1.7.0\shiro-cache-1.7.0.jar;C:\Users\14053\.m2\repository\org\apache\shiro\shiro-crypto-hash\1.7.0\shiro-crypto-hash-1.7.0.jar;C:\Users\14053\.m2\repository\org\apache\shiro\shiro-crypto-core\1.7.0\shiro-crypto-core-1.7.0.jar;C:\Users\14053\.m2\repository\org\apache\shiro\shiro-crypto-cipher\1.7.0\shiro-crypto-cipher-1.7.0.jar;C:\Users\14053\.m2\repository\org\apache\shiro\shiro-config-core\1.7.0\shiro-config-core-1.7.0.jar;C:\Users\14053\.m2\repository\org\apache\shiro\shiro-config-ogdl\1.7.0\shiro-config-ogdl-1.7.0.jar;C:\Users\14053\.m2\repository\commons-beanutils\commons-beanutils\1.9.4\commons-beanutils-1.9.4.jar;C:\Users\14053\.m2\repository\commons-collections\commons-collections\3.2.2\commons-collections-3.2.2.jar;C:\Users\14053\.m2\repository\org\apache\shiro\shiro-event\1.7.0\shiro-event-1.7.0.jar;C:\Users\14053\.m2\repository\org\apache\shiro\shiro-web\1.7.0\shiro-web-1.7.0.jar;C:\Users\14053\.m2\repository\org\owasp\encoder\encoder\1.2.2\encoder-1.2.2.jar;C:\Users\14053\.m2\repository\io\springfox\springfox-swagger2\2.9.2\springfox-swagger2-2.9.2.jar;C:\Users\14053\.m2\repository\io\swagger\swagger-annotations\1.5.20\swagger-annotations-1.5.20.jar;C:\Users\14053\.m2\repository\io\swagger\swagger-models\1.5.20\swagger-models-1.5.20.jar;C:\Users\14053\.m2\repository\com\fasterxml\jackson\core\jackson-annotations\2.11.3\jackson-annotations-2.11.3.jar;C:\Users\14053\.m2\repository\io\springfox\springfox-spi\2.9.2\springfox-spi-2.9.2.jar;C:\Users\14053\.m2\repository\io\springfox\springfox-core\2.9.2\springfox-core-2.9.2.jar;C:\Users\14053\.m2\repository\io\springfox\springfox-schema\2.9.2\springfox-schema-2.9.2.jar;C:\Users\14053\.m2\repository\io\springfox\springfox-swagger-common\2.9.2\springfox-swagger-common-2.9.2.jar;C:\Users\14053\.m2\repository\io\springfox\springfox-spring-web\2.9.2\springfox-spring-web-2.9.2.jar;C:\Users\14053\.m2\repository\com\google\guava\guava\20.0\guava-20.0.jar;C:\Users\14053\.m2\repository\com\fasterxml\classmate\1.5.1\classmate-1.5.1.jar;C:\Users\14053\.m2\repository\org\slf4j\slf4j-api\1.7.30\slf4j-api-1.7.30.jar;C:\Users\14053\.m2\repository\org\springframework\plugin\spring-plugin-core\1.2.0.RELEASE\spring-plugin-core-1.2.0.RELEASE.jar;C:\Users\14053\.m2\repository\org\springframework\plugin\spring-plugin-metadata\1.2.0.RELEASE\spring-plugin-metadata-1.2.0.RELEASE.jar;C:\Users\14053\.m2\repository\org\mapstruct\mapstruct\1.2.0.Final\mapstruct-1.2.0.Final.jar;C:\Users\14053\.m2\repository\io\springfox\springfox-swagger-ui\2.9.2\springfox-swagger-ui-2.9.2.jar;C:\Users\14053\.m2\repository\org\springframework\boot\spring-boot-starter-data-redis\2.4.0\spring-boot-starter-data-redis-2.4.0.jar;C:\Users\14053\.m2\repository\org\springframework\data\spring-data-redis\2.4.1\spring-data-redis-2.4.1.jar;C:\Users\14053\.m2\repository\org\springframework\data\spring-data-keyvalue\2.4.1\spring-data-keyvalue-2.4.1.jar;C:\Users\14053\.m2\repository\org\springframework\spring-oxm\5.3.1\spring-oxm-5.3.1.jar;C:\Users\14053\.m2\repository\io\lettuce\lettuce-core\6.0.1.RELEASE\lettuce-core-6.0.1.RELEASE.jar;C:\Users\14053\.m2\repository\io\netty\netty-common\4.1.54.Final\netty-common-4.1.54.Final.jar;C:\Users\14053\.m2\repository\io\netty\netty-handler\4.1.54.Final\netty-handler-4.1.54.Final.jar;C:\Users\14053\.m2\repository\io\netty\netty-resolver\4.1.54.Final\netty-resolver-4.1.54.Final.jar;C:\Users\14053\.m2\repository\io\netty\netty-buffer\4.1.54.Final\netty-buffer-4.1.54.Final.jar;C:\Users\14053\.m2\repository\io\netty\netty-codec\4.1.54.Final\netty-codec-4.1.54.Final.jar;C:\Users\14053\.m2\repository\io\netty\netty-transport\4.1.54.Final\netty-transport-4.1.54.Final.jar;C:\Users\14053\.m2\repository\io\projectreactor\reactor-core\3.4.0\reactor-core-3.4.0.jar;C:\Users\14053\.m2\repository\org\reactivestreams\reactive-streams\1.0.3\reactive-streams-1.0.3.jar;C:\Users\14053\.m2\repository\org\springframework\boot\spring-boot-devtools\2.4.0\spring-boot-devtools-2.4.0.jar;C:\Users\14053\.m2\repository\org\springframework\boot\spring-boot\2.4.0\spring-boot-2.4.0.jar;C:\Users\14053\.m2\repository\org\springframework\boot\spring-boot-autoconfigure\2.4.0\spring-boot-autoconfigure-2.4.0.jar;C:\Users\14053\.m2\repository\org\springframework\boot\spring-boot-starter-test\2.4.0\spring-boot-starter-test-2.4.0.jar;C:\Users\14053\.m2\repository\org\springframework\boot\spring-boot-test\2.4.0\spring-boot-test-2.4.0.jar;C:\Users\14053\.m2\repository\org\springframework\boot\spring-boot-test-autoconfigure\2.4.0\spring-boot-test-autoconfigure-2.4.0.jar;C:\Users\14053\.m2\repository\com\jayway\jsonpath\json-path\2.4.0\json-path-2.4.0.jar;C:\Users\14053\.m2\repository\net\minidev\json-smart\2.3\json-smart-2.3.jar;C:\Users\14053\.m2\repository\net\minidev\accessors-smart\1.2\accessors-smart-1.2.jar;C:\Users\14053\.m2\repository\org\ow2\asm\asm\5.0.4\asm-5.0.4.jar;C:\Users\14053\.m2\repository\jakarta\xml\bind\jakarta.xml.bind-api\2.3.3\jakarta.xml.bind-api-2.3.3.jar;C:\Users\14053\.m2\repository\jakarta\activation\jakarta.activation-api\1.2.2\jakarta.activation-api-1.2.2.jar;C:\Users\14053\.m2\repository\org\assertj\assertj-core\3.18.1\assertj-core-3.18.1.jar;C:\Users\14053\.m2\repository\org\hamcrest\hamcrest\2.2\hamcrest-2.2.jar;C:\Users\14053\.m2\repository\org\junit\jupiter\junit-jupiter\5.7.0\junit-jupiter-5.7.0.jar;C:\Users\14053\.m2\repository\org\junit\jupiter\junit-jupiter-api\5.7.0\junit-jupiter-api-5.7.0.jar;C:\Users\14053\.m2\repository\org\apiguardian\apiguardian-api\1.1.0\apiguardian-api-1.1.0.jar;C:\Users\14053\.m2\repository\org\opentest4j\opentest4j\1.2.0\opentest4j-1.2.0.jar;C:\Users\14053\.m2\repository\org\junit\platform\junit-platform-commons\1.7.0\junit-platform-commons-1.7.0.jar;C:\Users\14053\.m2\repository\org\junit\jupiter\junit-jupiter-params\5.7.0\junit-jupiter-params-5.7.0.jar;C:\Users\14053\.m2\repository\org\junit\jupiter\junit-jupiter-engine\5.7.0\junit-jupiter-engine-5.7.0.jar;C:\Users\14053\.m2\repository\org\junit\platform\junit-platform-engine\1.7.0\junit-platform-engine-1.7.0.jar;C:\Users\14053\.m2\repository\org\mockito\mockito-core\3.6.0\mockito-core-3.6.0.jar;C:\Users\14053\.m2\repository\net\bytebuddy\byte-buddy-agent\1.10.18\byte-buddy-agent-1.10.18.jar;C:\Users\14053\.m2\repository\org\objenesis\objenesis\3.1\objenesis-3.1.jar;C:\Users\14053\.m2\repository\org\mockito\mockito-junit-jupiter\3.6.0\mockito-junit-jupiter-3.6.0.jar;C:\Users\14053\.m2\repository\org\skyscreamer\jsonassert\1.5.0\jsonassert-1.5.0.jar;C:\Users\14053\.m2\repository\com\vaadin\external\google\android-json\0.0.20131108.vaadin1\android-json-0.0.20131108.vaadin1.jar;C:\Users\14053\.m2\repository\org\springframework\spring-core\5.3.1\spring-core-5.3.1.jar;C:\Users\14053\.m2\repository\org\springframework\spring-jcl\5.3.1\spring-jcl-5.3.1.jar;C:\Users\14053\.m2\repository\org\springframework\spring-test\5.3.1\spring-test-5.3.1.jar;C:\Users\14053\.m2\repository\org\xmlunit\xmlunit-core\2.7.0\xmlunit-core-2.7.0.jar;"/>
    <property name="sun.cpu.endian" value="little"/>
    <property name="user.home" value="C:\Users\14053"/>
    <property name="user.language" value="zh"/>
    <property name="java.specification.vendor" value="Oracle Corporation"/>
    <property name="java.version.date" value="2018-04-17"/>
    <property name="java.home" value="C:\Program Files\Java\jdk-10.0.1"/>
    <property name="file.separator" value="\"/>
    <property name="basedir" value="D:\wyu"/>
    <property name="java.vm.compressedOopsMode" value="32-bit"/>
    <property name="line.separator" value="&#10;"/>
    <property name="java.specification.name" value="Java Platform API Specification"/>
    <property name="java.vm.specification.vendor" value="Oracle Corporation"/>
    <property name="java.awt.graphicsenv" value="sun.awt.Win32GraphicsEnvironment"/>
    <property name="surefire.real.class.path" value="C:\Users\14053\AppData\Local\Temp\surefire6369919824620595628\surefirebooter3883271237010614747.jar"/>
    <property name="user.script" value=""/>
    <property name="sun.management.compiler" value="HotSpot 64-Bit Tiered Compilers"/>
    <property name="java.runtime.version" value="10.0.1+10"/>
    <property name="user.name" value="Wind"/>
    <property name="path.separator" value=";"/>
    <property name="os.version" value="10.0"/>
    <property name="java.runtime.name" value="Java(TM) SE Runtime Environment"/>
    <property name="file.encoding" value="GBK"/>
    <property name="java.vm.name" value="Java HotSpot(TM) 64-Bit Server VM"/>
    <property name="java.vendor.version" value="18.3"/>
    <property name="localRepository" value="C:\Users\14053\.m2\repository"/>
    <property name="java.vendor.url.bug" value="http://bugreport.java.com/bugreport/"/>
    <property name="java.io.tmpdir" value="C:\Users\14053\AppData\Local\Temp\"/>
    <property name="idea.version" value="2020.3.2"/>
    <property name="java.version" value="10.0.1"/>
    <property name="user.dir" value="D:\wyu"/>
    <property name="os.arch" value="amd64"/>
    <property name="java.vm.specification.name" value="Java Virtual Machine Specification"/>
    <property name="java.awt.printerjob" value="sun.awt.windows.WPrinterJob"/>
    <property name="sun.os.patch.level" value=""/>
    <property name="java.library.path" value="C:\Program Files\Java\jdk-10.0.1\bin;C:\WINDOWS\Sun\Java\bin;C:\WINDOWS\system32;C:\WINDOWS;C:\Program Files (x86)\VMware\VMware Workstation\bin\;C:\ProgramData\Oracle\Java\javapath;C:\Users\14053\AppData\Local\Programs\Python\;C:\Users\14053\AppData\Local\Programs\Python\Scripts;C:\Windows\system32;C:\Windows;C:\Windows\System32\Wbem;C:\Windows\System32\WindowsPowerShell\v1.0\;C:\Program Files (x86)\NVIDIA Corporation\PhysX\Common;C:\WINDOWS\system32;C:\WINDOWS;C:\WINDOWS\System32\Wbem;C:\WINDOWS\System32\WindowsPowerShell\v1.0\;C:\WINDOWS\System32\OpenSSH\;&quot;C:\Program Files\Java\jdk-10.0.1\bin;C:\Program Files\Java\jdk-10.0.1\jre\bin;&quot;;C:\Program Files\Git\cmd;C:\Users\14053\AppData\Local\Android\Sdk\platform-tools;C:\Program Files\NVIDIA Corporation\NVIDIA NvDLISR;C:\Users\14053\AppData\Local\Programs\Python\Python37\Scripts\;C:\Users\14053\AppData\Local\Programs\Python\Python37\;C:\\Program Files\\Tesseract-OCR\\;C:\TDM-GCC-64\bin;C:\Program Files\Intel\WiFi\bin\;C:\Program Files\Common Files\Intel\WirelessCommon\;C:\Program Files\Microsoft SQL Server\Client SDK\ODBC\170\Tools\Binn\;C:\Program Files (x86)\Microsoft SQL Server\150\Tools\Binn\;C:\Program Files\Microsoft SQL Server\150\Tools\Binn\;C:\Program Files\Microsoft SQL Server\150\DTS\Binn\;C:\Program Files (x86)\Microsoft SQL Server\150\DTS\Binn\;C:\Program Files\Java\jdk1.8.0_151;C:\Program Files\Java\jdk1.8.0_151\bin;&quot;;C:\Program Files\MySQL\MySQL Server 8.0\bin;C:\Program Files\nodejs\;C:\WINDOWS\system32;C:\WINDOWS;C:\WINDOWS\System32\Wbem;C:\WINDOWS\System32\WindowsPowerShell\v1.0\;C:\WINDOWS\System32\OpenSSH\;C:\Program Files\Redis\&quot;;C:\Program Files\erl-23.2\bin;C:\Program Files (x86)\NetSarang\Xshell 7\;C:\Program Files\MySQL\MySQL Server 8.0\bin\;C:\Program Files\MySQL\MySQL Shell 8.0\bin\;C:\Users\14053\AppData\Local\Programs\Python\Python37\Scripts\;C:\Users\14053\AppData\Local\Programs\Python\Python37\;C:\Users\14053\AppData\Local\Microsoft\WindowsApps;C:\Program Files\Intel\WiFi\bin\;C:\Program Files\Common Files\Intel\WirelessCommon\;C:\Program Files\JetBrains\PyCharm Community Edition 2019.1.1\bin;C:\Users\14053\AppData\Local\Programs\Fiddler;C:\Program Files\Tesseract-OCR\;;D:\Microsoft VS Code\bin;C:\Users\14053\AppData\Roaming\npm;%USERPROFILE%\AppData\Local\Microsoft\WindowsApps;."/>
    <property name="java.vendor" value="Oracle Corporation"/>
    <property name="java.vm.info" value="mixed mode"/>
    <property name="java.vm.version" value="10.0.1+10"/>
    <property name="sun.io.unicode.encoding" value="UnicodeLittle"/>
    <property name="java.class.version" value="54.0"/>
  </properties>
  <testcase name="contextLoads" classname="com.wyu.TestInstitutionBeApplicationTests" time="0.245"/>
</testsuite>